<?xml version="1.0" encoding="UTF-8"?>
<testsuite xmlns:xsi="http://www.w3.org/2001/XMLSchema-instance" xsi:noNamespaceSchemaLocation="https://maven.apache.org/surefire/maven-surefire-plugin/xsd/surefire-test-report.xsd" name="Service.ParkingServiceTest" time="0.216" tests="8" errors="0" skipped="0" failures="0">
  <properties>
[...]
</properties>
  <testcase name="parkHappyCase" classname="Service.ParkingServiceTest" time="0.207"/>
  <testcase name="getSlotWithRegistration" classname="Service.ParkingServiceTest" time="0.002"/>
  <testcase name="status" classname="Service.ParkingServiceTest" time="0.001"/>
  <testcase name="parkNonHappyCase" classname="Service.ParkingServiceTest" time="0.003"/>
  <testcase name="getRegistrationWithColor" classname="Service.ParkingServiceTest" time="0.001"/>
  <testcase name="leave" classname="Service.ParkingServiceTest" time="0"/>
  <testcase name="getSlotWithColor" classname="Service.ParkingServiceTest" time="0.001"/>
  <testcase name="isCarAlreadyPresent" classname="Service.ParkingServiceTest" time="0.001"/>
</testsuite>